2018-08-15 00:43:28.226  INFO 9628 --- [main] c.q.p.merchants.MerchantsApplication     : Starting MerchantsApplication on DESKTOP-V8M1DDA with PID 9628 (D:\programming\java\tokenManager\merchants\target\classes started by iceco in D:\programming\java\tokenManager\merchants)
2018-08-15 00:43:28.228  INFO 9628 --- [main] c.q.p.merchants.MerchantsApplication     : No active profile set, falling back to default profiles: default
2018-08-15 00:43:28.275  INFO 9628 --- [main] ationConfigEmbeddedWebApplicationContext : Refreshing org.springframework.boot.context.embedded.AnnotationConfigEmbeddedWebApplicationContext@2d1dee39: startup date [Wed Aug 15 00:43:28 EDT 2018]; root of context hierarchy
2018-08-15 00:43:29.223  INFO 9628 --- [main] trationDelegate$BeanPostProcessorChecker : Bean 'org.springframework.kafka.annotation.KafkaBootstrapConfiguration' of type [org.springframework.kafka.annotation.KafkaBootstrapConfiguration$$EnhancerBySpringCGLIB$$27faca1b] is not eligible for getting processed by all BeanPostProcessors (for example: not eligible for auto-proxying)
2018-08-15 00:43:29.460  INFO 9628 --- [main] s.b.c.e.t.TomcatEmbeddedServletContainer : Tomcat initialized with port(s): 9527 (http)
2018-08-15 00:43:29.470  INFO 9628 --- [main] o.apache.catalina.core.StandardService   : Starting service Tomcat
2018-08-15 00:43:29.471  INFO 9628 --- [main] org.apache.catalina.core.StandardEngine  : Starting Servlet Engine: Apache Tomcat/8.5.14
2018-08-15 00:43:29.549  INFO 9628 --- [localhost-startStop-1] o.a.c.c.C.[Tomcat].[localhost].[/]       : Initializing Spring embedded WebApplicationContext
2018-08-15 00:43:29.550  INFO 9628 --- [localhost-startStop-1] o.s.web.context.ContextLoader            : Root WebApplicationContext: initialization completed in 1280 ms
2018-08-15 00:43:29.671  INFO 9628 --- [localhost-startStop-1] o.s.b.w.servlet.ServletRegistrationBean  : Mapping servlet: 'dispatcherServlet' to [/]
2018-08-15 00:43:29.677  INFO 9628 --- [localhost-startStop-1] o.s.b.w.servlet.FilterRegistrationBean   : Mapping filter: 'characterEncodingFilter' to: [/*]
2018-08-15 00:43:29.678  INFO 9628 --- [localhost-startStop-1] o.s.b.w.servlet.FilterRegistrationBean   : Mapping filter: 'hiddenHttpMethodFilter' to: [/*]
2018-08-15 00:43:29.678  INFO 9628 --- [localhost-startStop-1] o.s.b.w.servlet.FilterRegistrationBean   : Mapping filter: 'httpPutFormContentFilter' to: [/*]
2018-08-15 00:43:29.678  INFO 9628 --- [localhost-startStop-1] o.s.b.w.servlet.FilterRegistrationBean   : Mapping filter: 'requestContextFilter' to: [/*]
2018-08-15 00:43:30.066  INFO 9628 --- [main] j.LocalContainerEntityManagerFactoryBean : Building JPA container EntityManagerFactory for persistence unit 'default'
2018-08-15 00:43:30.082  INFO 9628 --- [main] o.hibernate.jpa.internal.util.LogHelper  : HHH000204: Processing PersistenceUnitInfo [
	name: default
	...]
2018-08-15 00:43:30.129  INFO 9628 --- [main] org.hibernate.Version                    : HHH000412: Hibernate Core {5.0.12.Final}
2018-08-15 00:43:30.131  INFO 9628 --- [main] org.hibernate.cfg.Environment            : HHH000206: hibernate.properties not found
2018-08-15 00:43:30.131  INFO 9628 --- [main] org.hibernate.cfg.Environment            : HHH000021: Bytecode provider name : javassist
2018-08-15 00:43:30.159  INFO 9628 --- [main] o.hibernate.annotations.common.Version   : HCANN000001: Hibernate Commons Annotations {5.0.1.Final}
2018-08-15 00:43:30.211  INFO 9628 --- [main] org.hibernate.dialect.Dialect            : HHH000400: Using dialect: org.hibernate.dialect.MySQL5Dialect
2018-08-15 00:43:30.324  INFO 9628 --- [main] j.LocalContainerEntityManagerFactoryBean : Initialized JPA EntityManagerFactory for persistence unit 'default'
2018-08-15 00:43:30.550  INFO 9628 --- [main] s.w.s.m.m.a.RequestMappingHandlerAdapter : Looking for @ControllerAdvice: org.springframework.boot.context.embedded.AnnotationConfigEmbeddedWebApplicationContext@2d1dee39: startup date [Wed Aug 15 00:43:28 EDT 2018]; root of context hierarchy
2018-08-15 00:43:30.622  INFO 9628 --- [main] s.w.s.m.m.a.RequestMappingHandlerMapping : Mapped "{[/error]}" onto public org.springframework.http.ResponseEntity<java.util.Map<java.lang.String, java.lang.Object>> org.springframework.boot.autoconfigure.web.BasicErrorController.error(javax.servlet.http.HttpServletRequest)
2018-08-15 00:43:30.623  INFO 9628 --- [main] s.w.s.m.m.a.RequestMappingHandlerMapping : Mapped "{[/error],produces=[text/html]}" onto public org.springframework.web.servlet.ModelAndView org.springframework.boot.autoconfigure.web.BasicErrorController.errorHtml(javax.servlet.http.HttpServletRequest,javax.servlet.http.HttpServletResponse)
2018-08-15 00:43:30.652  INFO 9628 --- [main] o.s.w.s.handler.SimpleUrlHandlerMapping  : Mapped URL path [/webjars/**] onto handler of type [class org.springframework.web.servlet.resource.ResourceHttpRequestHandler]
2018-08-15 00:43:30.652  INFO 9628 --- [main] o.s.w.s.handler.SimpleUrlHandlerMapping  : Mapped URL path [/**] onto handler of type [class org.springframework.web.servlet.resource.ResourceHttpRequestHandler]
2018-08-15 00:43:30.684  INFO 9628 --- [main] o.s.w.s.handler.SimpleUrlHandlerMapping  : Mapped URL path [/**/favicon.ico] onto handler of type [class org.springframework.web.servlet.resource.ResourceHttpRequestHandler]
2018-08-15 00:43:30.924  INFO 9628 --- [main] o.s.j.e.a.AnnotationMBeanExporter        : Registering beans for JMX exposure on startup
2018-08-15 00:43:30.931  INFO 9628 --- [main] o.s.c.support.DefaultLifecycleProcessor  : Starting beans in phase 2147483647
2018-08-15 00:43:30.964  INFO 9628 --- [main] s.b.c.e.t.TomcatEmbeddedServletContainer : Tomcat started on port(s): 9527 (http)
2018-08-15 00:43:30.968  INFO 9628 --- [main] c.q.p.merchants.MerchantsApplication     : Started MerchantsApplication in 3.049 seconds (JVM running for 4.255)
